2025-05-24 16:35:29 INFO  [restartedMain] o.a.k.c.admin.AdminClientConfig - AdminClientConfig values: 
	auto.include.jmx.reporter = true
	bootstrap.controllers = []
	bootstrap.servers = [localhost:9092]
	client.dns.lookup = use_all_dns_ips
	client.id = webServer-admin-0
	connections.max.idle.ms = 300000
	default.api.timeout.ms = 60000
	enable.metrics.push = true
	metadata.max.age.ms = 300000
	metadata.recovery.strategy = none
	metric.reporters = []
	metrics.num.samples = 2
	metrics.recording.level = INFO
	metrics.sample.window.ms = 30000
	receive.buffer.bytes = 65536
	reconnect.backoff.max.ms = 1000
	reconnect.backoff.ms = 50
	request.timeout.ms = 30000
	retries = 2147483647
	retry.backoff.max.ms = 1000
	retry.backoff.ms = 100
	sasl.client.callback.handler.class = null
	sasl.jaas.config = null
	sasl.kerberos.kinit.cmd = /usr/bin/kinit
	sasl.kerberos.min.time.before.relogin = 60000
	sasl.kerberos.service.name = null
	sasl.kerberos.ticket.renew.jitter = 0.05
	sasl.kerberos.ticket.renew.window.factor = 0.8
	sasl.login.callback.handler.class = null
	sasl.login.class = null
	sasl.login.connect.timeout.ms = null
	sasl.login.read.timeout.ms = null
	sasl.login.refresh.buffer.seconds = 300
	sasl.login.refresh.min.period.seconds = 60
	sasl.login.refresh.window.factor = 0.8
	sasl.login.refresh.window.jitter = 0.05
	sasl.login.retry.backoff.max.ms = 10000
	sasl.login.retry.backoff.ms = 100
	sasl.mechanism = GSSAPI
	sasl.oauthbearer.clock.skew.seconds = 30
	sasl.oauthbearer.expected.audience = null
	sasl.oauthbearer.expected.issuer = null
	sasl.oauthbearer.jwks.endpoint.refresh.ms = 3600000
	sasl.oauthbearer.jwks.endpoint.retry.backoff.max.ms = 10000
	sasl.oauthbearer.jwks.endpoint.retry.backoff.ms = 100
	sasl.oauthbearer.jwks.endpoint.url = null
	sasl.oauthbearer.scope.claim.name = scope
	sasl.oauthbearer.sub.claim.name = sub
	sasl.oauthbearer.token.endpoint.url = null
	security.protocol = PLAINTEXT
	security.providers = null
	send.buffer.bytes = 131072
	socket.connection.setup.timeout.max.ms = 30000
	socket.connection.setup.timeout.ms = 10000
	ssl.cipher.suites = null
	ssl.enabled.protocols = [TLSv1.2, TLSv1.3]
	ssl.endpoint.identification.algorithm = https
	ssl.engine.factory.class = null
	ssl.key.password = null
	ssl.keymanager.algorithm = SunX509
	ssl.keystore.certificate.chain = null
	ssl.keystore.key = null
	ssl.keystore.location = null
	ssl.keystore.password = null
	ssl.keystore.type = JKS
	ssl.protocol = TLSv1.3
	ssl.provider = null
	ssl.secure.random.implementation = null
	ssl.trustmanager.algorithm = PKIX
	ssl.truststore.certificates = null
	ssl.truststore.location = null
	ssl.truststore.password = null
	ssl.truststore.type = JKS

2025-05-24 16:35:29 INFO  [restartedMain] o.a.kafka.common.utils.AppInfoParser - Kafka version: 3.8.1
2025-05-24 16:35:29 INFO  [restartedMain] o.a.kafka.common.utils.AppInfoParser - Kafka commitId: 70d6ff42debf7e17
2025-05-24 16:35:29 INFO  [restartedMain] o.a.kafka.common.utils.AppInfoParser - Kafka startTimeMs: 1748084729223
2025-05-24 16:35:29 WARN  [kafka-admin-client-thread | webServer-admin-0] o.a.k.clients.admin.KafkaAdminClient - [AdminClient clientId=webServer-admin-0] The DescribeTopicPartitions API is not supported, using Metadata API to describe topics.
2025-05-24 16:35:29 INFO  [kafka-admin-client-thread | webServer-admin-0] o.a.kafka.common.utils.AppInfoParser - App info kafka.admin.client for webServer-admin-0 unregistered
2025-05-24 16:35:29 INFO  [kafka-admin-client-thread | webServer-admin-0] o.a.kafka.common.metrics.Metrics - Metrics scheduler closed
2025-05-24 16:35:29 INFO  [kafka-admin-client-thread | webServer-admin-0] o.a.kafka.common.metrics.Metrics - Closing reporter org.apache.kafka.common.metrics.JmxReporter
2025-05-24 16:35:29 INFO  [kafka-admin-client-thread | webServer-admin-0] o.a.kafka.common.metrics.Metrics - Metrics reporters closed
2025-05-24 16:35:29 INFO  [restartedMain] o.a.k.c.consumer.ConsumerConfig - ConsumerConfig values: 
	allow.auto.create.topics = true
	auto.commit.interval.ms = 5000
	auto.include.jmx.reporter = true
	auto.offset.reset = latest
	bootstrap.servers = [localhost:9092]
	check.crcs = true
	client.dns.lookup = use_all_dns_ips
	client.id = consumer-0dc95642-da44-4396-9787-3747c5ce1700-1
	client.rack = 
	connections.max.idle.ms = 540000
	default.api.timeout.ms = 60000
	enable.auto.commit = false
	enable.metrics.push = true
	exclude.internal.topics = true
	fetch.max.bytes = 52428800
	fetch.max.wait.ms = 500
	fetch.min.bytes = 1
	group.id = 0dc95642-da44-4396-9787-3747c5ce1700
	group.instance.id = null
	group.protocol = classic
	group.remote.assignor = null
	heartbeat.interval.ms = 3000
	interceptor.classes = []
	internal.leave.group.on.close = true
	internal.throw.on.fetch.stable.offset.unsupported = false
	isolation.level = read_uncommitted
	key.deserializer = class org.apache.kafka.common.serialization.StringDeserializer
	max.partition.fetch.bytes = 1048576
	max.poll.interval.ms = 300000
	max.poll.records = 500
	metadata.max.age.ms = 300000
	metadata.recovery.strategy = none
	metric.reporters = []
	metrics.num.samples = 2
	metrics.recording.level = INFO
	metrics.sample.window.ms = 30000
	partition.assignment.strategy = [class org.apache.kafka.clients.consumer.RangeAssignor, class org.apache.kafka.clients.consumer.CooperativeStickyAssignor]
	receive.buffer.bytes = 65536
	reconnect.backoff.max.ms = 1000
	reconnect.backoff.ms = 50
	request.timeout.ms = 30000
	retry.backoff.max.ms = 1000
	retry.backoff.ms = 100
	sasl.client.callback.handler.class = null
	sasl.jaas.config = null
	sasl.kerberos.kinit.cmd = /usr/bin/kinit
	sasl.kerberos.min.time.before.relogin = 60000
	sasl.kerberos.service.name = null
	sasl.kerberos.ticket.renew.jitter = 0.05
	sasl.kerberos.ticket.renew.window.factor = 0.8
	sasl.login.callback.handler.class = null
	sasl.login.class = null
	sasl.login.connect.timeout.ms = null
	sasl.login.read.timeout.ms = null
	sasl.login.refresh.buffer.seconds = 300
	sasl.login.refresh.min.period.seconds = 60
	sasl.login.refresh.window.factor = 0.8
	sasl.login.refresh.window.jitter = 0.05
	sasl.login.retry.backoff.max.ms = 10000
	sasl.login.retry.backoff.ms = 100
	sasl.mechanism = GSSAPI
	sasl.oauthbearer.clock.skew.seconds = 30
	sasl.oauthbearer.expected.audience = null
	sasl.oauthbearer.expected.issuer = null
	sasl.oauthbearer.jwks.endpoint.refresh.ms = 3600000
	sasl.oauthbearer.jwks.endpoint.retry.backoff.max.ms = 10000
	sasl.oauthbearer.jwks.endpoint.retry.backoff.ms = 100
	sasl.oauthbearer.jwks.endpoint.url = null
	sasl.oauthbearer.scope.claim.name = scope
	sasl.oauthbearer.sub.claim.name = sub
	sasl.oauthbearer.token.endpoint.url = null
	security.protocol = PLAINTEXT
	security.providers = null
	send.buffer.bytes = 131072
	session.timeout.ms = 45000
	socket.connection.setup.timeout.max.ms = 30000
	socket.connection.setup.timeout.ms = 10000
	ssl.cipher.suites = null
	ssl.enabled.protocols = [TLSv1.2, TLSv1.3]
	ssl.endpoint.identification.algorithm = https
	ssl.engine.factory.class = null
	ssl.key.password = null
	ssl.keymanager.algorithm = SunX509
	ssl.keystore.certificate.chain = null
	ssl.keystore.key = null
	ssl.keystore.location = null
	ssl.keystore.password = null
	ssl.keystore.type = JKS
	ssl.protocol = TLSv1.3
	ssl.provider = null
	ssl.secure.random.implementation = null
	ssl.trustmanager.algorithm = PKIX
	ssl.truststore.certificates = null
	ssl.truststore.location = null
	ssl.truststore.password = null
	ssl.truststore.type = JKS
	value.deserializer = class org.apache.kafka.common.serialization.StringDeserializer

2025-05-24 16:35:29 INFO  [restartedMain] o.a.k.c.t.i.KafkaMetricsCollector - initializing Kafka metrics collector
2025-05-24 16:35:29 INFO  [restartedMain] o.a.kafka.common.utils.AppInfoParser - Kafka version: 3.8.1
2025-05-24 16:35:29 INFO  [restartedMain] o.a.kafka.common.utils.AppInfoParser - Kafka commitId: 70d6ff42debf7e17
2025-05-24 16:35:29 INFO  [restartedMain] o.a.kafka.common.utils.AppInfoParser - Kafka startTimeMs: 1748084729862
2025-05-24 16:35:29 INFO  [restartedMain] o.a.k.c.c.i.LegacyKafkaConsumer - [Consumer clientId=consumer-0dc95642-da44-4396-9787-3747c5ce1700-1, groupId=0dc95642-da44-4396-9787-3747c5ce1700] Subscribed to topic(s): chat-messages
2025-05-24 16:35:29 INFO  [org.springframework.kafka.KafkaListenerEndpointContainer#0-0-C-1] org.apache.kafka.clients.Metadata - [Consumer clientId=consumer-0dc95642-da44-4396-9787-3747c5ce1700-1, groupId=0dc95642-da44-4396-9787-3747c5ce1700] Cluster ID: BZRcDL7gSbCCinwOtiRz5w
2025-05-24 16:35:29 INFO  [org.springframework.kafka.KafkaListenerEndpointContainer#0-0-C-1] o.a.k.c.c.i.ConsumerCoordinator - [Consumer clientId=consumer-0dc95642-da44-4396-9787-3747c5ce1700-1, groupId=0dc95642-da44-4396-9787-3747c5ce1700] Discovered group coordinator localhost:9092 (id: 2147483646 rack: null)
2025-05-24 16:35:29 INFO  [org.springframework.kafka.KafkaListenerEndpointContainer#0-0-C-1] o.a.k.c.c.i.ConsumerCoordinator - [Consumer clientId=consumer-0dc95642-da44-4396-9787-3747c5ce1700-1, groupId=0dc95642-da44-4396-9787-3747c5ce1700] (Re-)joining group
2025-05-24 16:35:29 INFO  [org.springframework.kafka.KafkaListenerEndpointContainer#0-0-C-1] o.a.k.c.c.i.ConsumerCoordinator - [Consumer clientId=consumer-0dc95642-da44-4396-9787-3747c5ce1700-1, groupId=0dc95642-da44-4396-9787-3747c5ce1700] Request joining group due to: need to re-join with the given member-id: consumer-0dc95642-da44-4396-9787-3747c5ce1700-1-a821651d-e33e-48d0-a4aa-cadd38f948e3
2025-05-24 16:35:29 INFO  [org.springframework.kafka.KafkaListenerEndpointContainer#0-0-C-1] o.a.k.c.c.i.ConsumerCoordinator - [Consumer clientId=consumer-0dc95642-da44-4396-9787-3747c5ce1700-1, groupId=0dc95642-da44-4396-9787-3747c5ce1700] (Re-)joining group
2025-05-24 16:35:32 INFO  [org.springframework.kafka.KafkaListenerEndpointContainer#0-0-C-1] o.a.k.c.c.i.ConsumerCoordinator - [Consumer clientId=consumer-0dc95642-da44-4396-9787-3747c5ce1700-1, groupId=0dc95642-da44-4396-9787-3747c5ce1700] Successfully joined group with generation Generation{generationId=1, memberId='consumer-0dc95642-da44-4396-9787-3747c5ce1700-1-a821651d-e33e-48d0-a4aa-cadd38f948e3', protocol='range'}
2025-05-24 16:35:32 INFO  [org.springframework.kafka.KafkaListenerEndpointContainer#0-0-C-1] o.a.k.c.c.i.ConsumerCoordinator - [Consumer clientId=consumer-0dc95642-da44-4396-9787-3747c5ce1700-1, groupId=0dc95642-da44-4396-9787-3747c5ce1700] Finished assignment for group at generation 1: {consumer-0dc95642-da44-4396-9787-3747c5ce1700-1-a821651d-e33e-48d0-a4aa-cadd38f948e3=Assignment(partitions=[chat-messages-0, chat-messages-1, chat-messages-2])}
2025-05-24 16:35:33 INFO  [org.springframework.kafka.KafkaListenerEndpointContainer#0-0-C-1] o.a.k.c.c.i.ConsumerCoordinator - [Consumer clientId=consumer-0dc95642-da44-4396-9787-3747c5ce1700-1, groupId=0dc95642-da44-4396-9787-3747c5ce1700] Successfully synced group in generation Generation{generationId=1, memberId='consumer-0dc95642-da44-4396-9787-3747c5ce1700-1-a821651d-e33e-48d0-a4aa-cadd38f948e3', protocol='range'}
2025-05-24 16:35:33 INFO  [org.springframework.kafka.KafkaListenerEndpointContainer#0-0-C-1] o.a.k.c.c.i.ConsumerCoordinator - [Consumer clientId=consumer-0dc95642-da44-4396-9787-3747c5ce1700-1, groupId=0dc95642-da44-4396-9787-3747c5ce1700] Notifying assignor about the new Assignment(partitions=[chat-messages-0, chat-messages-1, chat-messages-2])
2025-05-24 16:35:33 INFO  [org.springframework.kafka.KafkaListenerEndpointContainer#0-0-C-1] o.a.k.c.c.i.ConsumerRebalanceListenerInvoker - [Consumer clientId=consumer-0dc95642-da44-4396-9787-3747c5ce1700-1, groupId=0dc95642-da44-4396-9787-3747c5ce1700] Adding newly assigned partitions: chat-messages-0, chat-messages-1, chat-messages-2
2025-05-24 16:35:33 INFO  [org.springframework.kafka.KafkaListenerEndpointContainer#0-0-C-1] o.a.k.c.c.i.ConsumerCoordinator - [Consumer clientId=consumer-0dc95642-da44-4396-9787-3747c5ce1700-1, groupId=0dc95642-da44-4396-9787-3747c5ce1700] Found no committed offset for partition chat-messages-0
2025-05-24 16:35:33 INFO  [org.springframework.kafka.KafkaListenerEndpointContainer#0-0-C-1] o.a.k.c.c.i.ConsumerCoordinator - [Consumer clientId=consumer-0dc95642-da44-4396-9787-3747c5ce1700-1, groupId=0dc95642-da44-4396-9787-3747c5ce1700] Found no committed offset for partition chat-messages-2
2025-05-24 16:35:33 INFO  [org.springframework.kafka.KafkaListenerEndpointContainer#0-0-C-1] o.a.k.c.c.i.ConsumerCoordinator - [Consumer clientId=consumer-0dc95642-da44-4396-9787-3747c5ce1700-1, groupId=0dc95642-da44-4396-9787-3747c5ce1700] Found no committed offset for partition chat-messages-1
2025-05-24 16:35:33 INFO  [org.springframework.kafka.KafkaListenerEndpointContainer#0-0-C-1] o.a.k.c.c.i.ConsumerCoordinator - [Consumer clientId=consumer-0dc95642-da44-4396-9787-3747c5ce1700-1, groupId=0dc95642-da44-4396-9787-3747c5ce1700] Found no committed offset for partition chat-messages-0
2025-05-24 16:35:33 INFO  [org.springframework.kafka.KafkaListenerEndpointContainer#0-0-C-1] o.a.k.c.c.i.ConsumerCoordinator - [Consumer clientId=consumer-0dc95642-da44-4396-9787-3747c5ce1700-1, groupId=0dc95642-da44-4396-9787-3747c5ce1700] Found no committed offset for partition chat-messages-2
2025-05-24 16:35:33 INFO  [org.springframework.kafka.KafkaListenerEndpointContainer#0-0-C-1] o.a.k.c.c.i.ConsumerCoordinator - [Consumer clientId=consumer-0dc95642-da44-4396-9787-3747c5ce1700-1, groupId=0dc95642-da44-4396-9787-3747c5ce1700] Found no committed offset for partition chat-messages-1
2025-05-24 16:35:33 INFO  [org.springframework.kafka.KafkaListenerEndpointContainer#0-0-C-1] o.a.k.c.c.i.SubscriptionState - [Consumer clientId=consumer-0dc95642-da44-4396-9787-3747c5ce1700-1, groupId=0dc95642-da44-4396-9787-3747c5ce1700] Resetting offset for partition chat-messages-0 to position FetchPosition{offset=7, offsetEpoch=Optional.empty, currentLeader=LeaderAndEpoch{leader=Optional[localhost:9092 (id: 1 rack: null)], epoch=0}}.
2025-05-24 16:35:33 INFO  [org.springframework.kafka.KafkaListenerEndpointContainer#0-0-C-1] o.a.k.c.c.i.SubscriptionState - [Consumer clientId=consumer-0dc95642-da44-4396-9787-3747c5ce1700-1, groupId=0dc95642-da44-4396-9787-3747c5ce1700] Resetting offset for partition chat-messages-2 to position FetchPosition{offset=3, offsetEpoch=Optional.empty, currentLeader=LeaderAndEpoch{leader=Optional[localhost:9092 (id: 1 rack: null)], epoch=0}}.
2025-05-24 16:35:33 INFO  [org.springframework.kafka.KafkaListenerEndpointContainer#0-0-C-1] o.a.k.c.c.i.SubscriptionState - [Consumer clientId=consumer-0dc95642-da44-4396-9787-3747c5ce1700-1, groupId=0dc95642-da44-4396-9787-3747c5ce1700] Resetting offset for partition chat-messages-1 to position FetchPosition{offset=15, offsetEpoch=Optional.empty, currentLeader=LeaderAndEpoch{leader=Optional[localhost:9092 (id: 1 rack: null)], epoch=0}}.
2025-05-24 16:40:35 INFO  [clientInboundChannel-39] o.a.k.c.producer.ProducerConfig - ProducerConfig values: 
	acks = -1
	auto.include.jmx.reporter = true
	batch.size = 16384
	bootstrap.servers = [localhost:9092]
	buffer.memory = 33554432
	client.dns.lookup = use_all_dns_ips
	client.id = webServer-producer-1
	compression.gzip.level = -1
	compression.lz4.level = 9
	compression.type = none
	compression.zstd.level = 3
	connections.max.idle.ms = 540000
	delivery.timeout.ms = 120000
	enable.idempotence = true
	enable.metrics.push = true
	interceptor.classes = []
	key.serializer = class org.apache.kafka.common.serialization.StringSerializer
	linger.ms = 0
	max.block.ms = 60000
	max.in.flight.requests.per.connection = 5
	max.request.size = 1048576
	metadata.max.age.ms = 300000
	metadata.max.idle.ms = 300000
	metadata.recovery.strategy = none
	metric.reporters = []
	metrics.num.samples = 2
	metrics.recording.level = INFO
	metrics.sample.window.ms = 30000
	partitioner.adaptive.partitioning.enable = true
	partitioner.availability.timeout.ms = 0
	partitioner.class = null
	partitioner.ignore.keys = false
	receive.buffer.bytes = 32768
	reconnect.backoff.max.ms = 1000
	reconnect.backoff.ms = 50
	request.timeout.ms = 30000
	retries = 2147483647
	retry.backoff.max.ms = 1000
	retry.backoff.ms = 100
	sasl.client.callback.handler.class = null
	sasl.jaas.config = null
	sasl.kerberos.kinit.cmd = /usr/bin/kinit
	sasl.kerberos.min.time.before.relogin = 60000
	sasl.kerberos.service.name = null
	sasl.kerberos.ticket.renew.jitter = 0.05
	sasl.kerberos.ticket.renew.window.factor = 0.8
	sasl.login.callback.handler.class = null
	sasl.login.class = null
	sasl.login.connect.timeout.ms = null
	sasl.login.read.timeout.ms = null
	sasl.login.refresh.buffer.seconds = 300
	sasl.login.refresh.min.period.seconds = 60
	sasl.login.refresh.window.factor = 0.8
	sasl.login.refresh.window.jitter = 0.05
	sasl.login.retry.backoff.max.ms = 10000
	sasl.login.retry.backoff.ms = 100
	sasl.mechanism = GSSAPI
	sasl.oauthbearer.clock.skew.seconds = 30
	sasl.oauthbearer.expected.audience = null
	sasl.oauthbearer.expected.issuer = null
	sasl.oauthbearer.jwks.endpoint.refresh.ms = 3600000
	sasl.oauthbearer.jwks.endpoint.retry.backoff.max.ms = 10000
	sasl.oauthbearer.jwks.endpoint.retry.backoff.ms = 100
	sasl.oauthbearer.jwks.endpoint.url = null
	sasl.oauthbearer.scope.claim.name = scope
	sasl.oauthbearer.sub.claim.name = sub
	sasl.oauthbearer.token.endpoint.url = null
	security.protocol = PLAINTEXT
	security.providers = null
	send.buffer.bytes = 131072
	socket.connection.setup.timeout.max.ms = 30000
	socket.connection.setup.timeout.ms = 10000
	ssl.cipher.suites = null
	ssl.enabled.protocols = [TLSv1.2, TLSv1.3]
	ssl.endpoint.identification.algorithm = https
	ssl.engine.factory.class = null
	ssl.key.password = null
	ssl.keymanager.algorithm = SunX509
	ssl.keystore.certificate.chain = null
	ssl.keystore.key = null
	ssl.keystore.location = null
	ssl.keystore.password = null
	ssl.keystore.type = JKS
	ssl.protocol = TLSv1.3
	ssl.provider = null
	ssl.secure.random.implementation = null
	ssl.trustmanager.algorithm = PKIX
	ssl.truststore.certificates = null
	ssl.truststore.location = null
	ssl.truststore.password = null
	ssl.truststore.type = JKS
	transaction.timeout.ms = 60000
	transactional.id = null
	value.serializer = class org.apache.kafka.common.serialization.StringSerializer

2025-05-24 16:40:35 INFO  [clientInboundChannel-39] o.a.k.c.t.i.KafkaMetricsCollector - initializing Kafka metrics collector
2025-05-24 16:40:35 INFO  [clientInboundChannel-39] o.a.k.clients.producer.KafkaProducer - [Producer clientId=webServer-producer-1] Instantiated an idempotent producer.
2025-05-24 16:40:35 INFO  [clientInboundChannel-39] o.a.kafka.common.utils.AppInfoParser - Kafka version: 3.8.1
2025-05-24 16:40:35 INFO  [clientInboundChannel-39] o.a.kafka.common.utils.AppInfoParser - Kafka commitId: 70d6ff42debf7e17
2025-05-24 16:40:35 INFO  [clientInboundChannel-39] o.a.kafka.common.utils.AppInfoParser - Kafka startTimeMs: 1748085035224
2025-05-24 16:40:35 INFO  [kafka-producer-network-thread | webServer-producer-1] org.apache.kafka.clients.Metadata - [Producer clientId=webServer-producer-1] Cluster ID: BZRcDL7gSbCCinwOtiRz5w
2025-05-24 16:40:35 INFO  [kafka-producer-network-thread | webServer-producer-1] o.a.k.c.p.i.TransactionManager - [Producer clientId=webServer-producer-1] ProducerId set to 7000 with epoch 0
2025-05-24 16:44:30 INFO  [org.springframework.kafka.KafkaListenerEndpointContainer#0-0-C-1] o.apache.kafka.clients.NetworkClient - [Consumer clientId=consumer-0dc95642-da44-4396-9787-3747c5ce1700-1, groupId=0dc95642-da44-4396-9787-3747c5ce1700] Node -1 disconnected.
2025-05-24 16:49:35 INFO  [kafka-producer-network-thread | webServer-producer-1] o.apache.kafka.clients.NetworkClient - [Producer clientId=webServer-producer-1] Node -1 disconnected.
2025-05-24 16:54:30 INFO  [org.springframework.kafka.KafkaListenerEndpointContainer#0-0-C-1] o.apache.kafka.clients.NetworkClient - [Consumer clientId=consumer-0dc95642-da44-4396-9787-3747c5ce1700-1, groupId=0dc95642-da44-4396-9787-3747c5ce1700] Node -1 disconnected.
